<?xml version="1.0" encoding="UTF-8"?>
<!-- Generated by org.testng.reporters.JUnitReportReporter -->
<testsuite hostname="Praful" failures="0" tests="5" name="Runner.RunnerTest" time="8.961" errors="0" timestamp="2025-01-23T08:54:05 IST" skipped="0">
  <testcase classname="Runner.RunnerTest" name="runScenario" time="6.725"/>
  <system-out/>
  <testcase classname="Runner.RunnerTest" name="runScenario" time="2.054"/>
  <system-out/>
  <testcase classname="Runner.RunnerTest" name="runScenario" time="0.017"/>
  <system-out/>
  <testcase classname="Runner.RunnerTest" name="runScenario" time="0.146"/>
  <system-out/>
  <testcase classname="Runner.RunnerTest" name="runScenario" time="0.019"/>
  <system-out/>
</testsuite> <!-- Runner.RunnerTest -->
