<?xml version="1.0" encoding="UTF-8"?>
<!-- Generated by org.testng.reporters.JUnitReportReporter -->
<testsuite hostname="Praful" failures="0" tests="4" name="Runner.RunnerTest" time="8.697" errors="0" timestamp="2025-01-23T08:46:45 IST" skipped="0">
  <testcase classname="Runner.RunnerTest" name="runScenario" time="6.602"/>
  <system-out/>
  <testcase classname="Runner.RunnerTest" name="runScenario" time="0.013"/>
  <system-out/>
  <testcase classname="Runner.RunnerTest" name="runScenario" time="0.013"/>
  <system-out/>
  <testcase classname="Runner.RunnerTest" name="runScenario" time="2.069"/>
  <system-out/>
</testsuite> <!-- Runner.RunnerTest -->
