<?xml version="1.0" encoding="UTF-8"?>
<!-- Generated by org.testng.reporters.JUnitReportReporter -->
<testsuite hostname="Praful" failures="0" tests="6" name="Runner.RunnerTest" time="9.181" errors="0" timestamp="2025-01-23T08:59:20 IST" skipped="0">
  <testcase classname="Runner.RunnerTest" name="runScenario" time="6.607"/>
  <system-out/>
  <testcase classname="Runner.RunnerTest" name="runScenario" time="2.124"/>
  <system-out/>
  <testcase classname="Runner.RunnerTest" name="runScenario" time="0.016"/>
  <system-out/>
  <testcase classname="Runner.RunnerTest" name="runScenario" time="0.196"/>
  <system-out/>
  <testcase classname="Runner.RunnerTest" name="runScenario" time="0.029"/>
  <system-out/>
  <testcase classname="Runner.RunnerTest" name="runScenario" time="0.209"/>
  <system-out/>
</testsuite> <!-- Runner.RunnerTest -->
