<?xml version="1.0" encoding="UTF-8"?>
<!-- Generated by org.testng.reporters.JUnitReportReporter -->
<testsuite hostname="Praful" failures="0" tests="2" name="Runner.RunnerTest" time="9.246" errors="0" timestamp="2025-01-23T08:20:00 IST" skipped="0">
  <testcase classname="Runner.RunnerTest" name="runScenario" time="1.929"/>
  <system-out/>
  <testcase classname="Runner.RunnerTest" name="runScenario" time="7.317"/>
  <system-out/>
</testsuite> <!-- Runner.RunnerTest -->
