<?xml version="1.0" encoding="UTF-8"?>
<!-- Generated by org.testng.reporters.JUnitReportReporter -->
<testsuite hostname="Praful" failures="0" tests="1" name="Runner.RunnerTest" time="6.162" errors="0" timestamp="2025-01-23T08:06:43 IST" skipped="0">
  <testcase classname="Runner.RunnerTest" name="runScenario" time="6.162"/>
  <system-out/>
</testsuite> <!-- Runner.RunnerTest -->
